executing test cases from module: TestSeachListResolve333
D:\git\qid-service\src\test\qid-service-automation/reports/p01.eng.sjc01.qualys.com_1643555870.7734265/QID_Service_Report.html
['D:\\git\\qid-service\\src\\test\\qid-service-automation/tests/', '-rap', '-m TestSeachListResolve333', '--html=D:\\git\\qid-service\\src\\test\\qid-service-automation/reports/p01.eng.sjc01.qualys.com_1643555870.7734265/QID_Service_Report.html', '--self-contained-html', '--conf_file=D:\\git\\qid-service\\src\\test\\qid-service-automation/config/config_p04.cfg', '--op_path=D:\\git\\qid-service\\src\\test\\qid-service-automation/reports/p01.eng.sjc01.qualys.com_1643555870.7734265/']
================================================= test session starts ==================================================
platform win32 -- Python 3.6.7rc2, pytest-4.0.1, py-1.7.0, pluggy-0.8.0
rootdir: D:\git\qid-service\src\test\qid-service-automation, inifile:
plugins: metadata-1.7.0, html-1.19.0
collected 292 items / 288 deselected

..\Test QID-Service Endpoints- TC 7 - Verify CVE Centric API Call With Contributing Factor CVSS .                 [ 25%]
..\Test QID-Service Endpoints- TC 8 - Verify CVE Centric API Call With Contributing Factor cvssVersion .          [ 50%]
..\Test QID-Service Endpoints- TC 9 - Verify CVE Centric API Call With qvsMin value .                             [ 75%]
..\Test QID-Service Endpoints- TC 10 - Verify CVE Centric API Call validation qvsMin>qvsMax value F               [100%]

======================================================= FAILURES =======================================================
_________________________________________ TestSeachListResolve333.test_CVE_10 __________________________________________

self = <tests.test_update_test.TestSeachListResolve333 object at 0x000001DF1D49C860>
api_client = <src.ApiClient.ApiClient object at 0x000001DF1D4CA828>
common_functions = <src.CommonFunctions.CommonFunctions object at 0x000001DF1D4CA198>
op_path = 'D:\\git\\qid-service\\src\\test\\qid-service-automation/reports/p01.eng.sjc01.qualys.com_1643555870.7734265/'
dbo = <src.DbConnector.DbConnector object at 0x000001DF1D4CA080>

    def test_CVE_10(self, api_client, common_functions, op_path, dbo):
        """TC 10 - Verify CVE Centric API Call validation qvsMin>qvsMax value"""
        uri = "/qvs/1.0/search"
        params = {"cve": self.CVE_ID, "details": "All","qvsMin": 100, "qvsMax": 0}
>       result = str(SeachList.verify_qid_service_CVE_call(api_client, common_functions, params, uri))

..\tests\test_update_test.py:139: 
_ _ _ _ _ _ _ _ _ _ _ _ _ _ _ _ _ _ _ _ _ _ _ _ _ _ _ _ _ _ _ _ _ _ _ _ _ _ _ _ _ _ _ _ _ _ _ _ _ _ _ _ _ _ _ _ _ _ _ _ 

api_client = <src.ApiClient.ApiClient object at 0x000001DF1D4CA828>
common_functions = <src.CommonFunctions.CommonFunctions object at 0x000001DF1D4CA198>
tested_params = {'cve': 'CVE-2021-36765', 'details': 'All', 'qvsMax': 0, 'qvsMin': 100}, url = '/qvs/1.0/search'

    def verify_qid_service_CVE_call(api_client,common_functions,tested_params,url):
        # params = {
        #     "customerUuid": common_functions.get_customer_uuid(),
        #     #"lang": "en",
        #     #"noCache": "true",
        #     #"qid": qids,
        #     #"noCache": "true",
        #     #"scope": "All"
        # }
        #print("CustomerUUID is::::::::"+params["customerUuid"])
        #params.update(tested_params)
        res = api_client.qid_service_api_call("POST",url,tested_params,"qid")
        print(res)
        #result= res.status_code
        print("Status Code Return by QID-service::{}".format(+res.status_code))
>       assert res.status_code == 200, "Invalid Status Code returned by QID-Service API"
E       AssertionError: Invalid Status Code returned by QID-Service API

..\src\SearchList\SeachList.py:183: AssertionError
------------------------------------------------- Captured stdout call -------------------------------------------------
=========URL passed:/qvs/1.0/search
CallType params value::qid
Params========= {'cve': 'CVE-2021-36765', 'details': 'All', 'qvsMin': 100, 'qvsMax': 0}
curl -X 'POST' -H 'Accept: application/json' -H 'Accept-Chargeset: UTF-8' -H 'Accept-Encoding: gzip, deflate' -H 'Authorization: Basic cmtzYmFfeXA0OlFAdGVtcDEyMw==' -H 'Connection: keep-alive' -H 'Content-Length: 71' -H 'Content-Type: application/json' -H 'User-Agent: python-requests/2.25.0' -H 'X-Access-Token: 3U0U81N5B4Q0T0O9G9MUECggMkAXnFIVquqLMzoKQH' -H 'X-Requested-With: 3U0U81N5B4Q0T0O9G9MUECggMkAXnFIVquqLMzoKQH' -d '{"cve": "CVE-2021-36765", "details": "All", "qvsMin": 100, "qvsMax": 0}' 'http://qids.p01.eng.sjc01.qualys.com:50261/qvs/1.0/search'
<Response [400]>
Status Code Return by QID-service::400
 generated html file: D:\git\qid-service\src\test\qid-service-automation\reports\p01.eng.sjc01.qualys.com_1643555870.7734265\QID_Service_Report.html 
=============================================== short test summary info ================================================
FAIL ..\Test QID-Service Endpoints- TC 10 - Verify CVE Centric API Call validation qvsMin>qvsMax value
PASSED ..\Test QID-Service Endpoints- TC 7 - Verify CVE Centric API Call With Contributing Factor CVSS
PASSED ..\Test QID-Service Endpoints- TC 8 - Verify CVE Centric API Call With Contributing Factor cvssVersion
PASSED ..\Test QID-Service Endpoints- TC 9 - Verify CVE Centric API Call With qvsMin value
================================= 1 failed, 3 passed, 288 deselected in 25.62 seconds ==================================
1.10.1.0-4
